<?xml version="1.0" encoding="UTF-8"?>
<testng-results ignored="0" total="1" passed="1" failed="0" skipped="0">
  <reporter-output>
  </reporter-output>
  <suite started-at="2022-04-06T17:39:00 BST" name="Suite" finished-at="2022-04-06T17:39:04 BST" duration-ms="3621">
    <groups>
    </groups>
    <test started-at="2022-04-06T17:39:00 BST" name="Test" finished-at="2022-04-06T17:39:04 BST" duration-ms="3621">
      <class name="com.anagha.AllGoogleLinks">
        <test-method is-config="true" signature="beforeClass()[pri:0, instance:com.anagha.AllGoogleLinks@6c3f5566]" started-at="2022-04-06T17:39:00 BST" name="beforeClass" finished-at="2022-04-06T17:39:03 BST" duration-ms="2439" status="PASS">
          <reporter-output>
          </reporter-output>
        </test-method> <!-- beforeClass -->
        <test-method is-config="true" signature="beforeMethod()[pri:0, instance:com.anagha.AllGoogleLinks@6c3f5566]" started-at="2022-04-06T17:39:03 BST" name="beforeMethod" finished-at="2022-04-06T17:39:03 BST" duration-ms="0" status="PASS">
          <reporter-output>
          </reporter-output>
        </test-method> <!-- beforeMethod -->
        <test-method signature="printAllGoogleLinksWithTheirHref()[pri:0, instance:com.anagha.AllGoogleLinks@6c3f5566]" started-at="2022-04-06T17:39:03 BST" name="printAllGoogleLinksWithTheirHref" finished-at="2022-04-06T17:39:04 BST" duration-ms="1054" status="PASS">
          <reporter-output>
          </reporter-output>
        </test-method> <!-- printAllGoogleLinksWithTheirHref -->
        <test-method is-config="true" signature="afterMethod()[pri:0, instance:com.anagha.AllGoogleLinks@6c3f5566]" started-at="2022-04-06T17:39:04 BST" name="afterMethod" finished-at="2022-04-06T17:39:04 BST" duration-ms="0" status="PASS">
          <reporter-output>
          </reporter-output>
        </test-method> <!-- afterMethod -->
        <test-method is-config="true" signature="afterClass()[pri:0, instance:com.anagha.AllGoogleLinks@6c3f5566]" started-at="2022-04-06T17:39:04 BST" name="afterClass" finished-at="2022-04-06T17:39:04 BST" duration-ms="108" status="PASS">
          <reporter-output>
          </reporter-output>
        </test-method> <!-- afterClass -->
      </class> <!-- com.anagha.AllGoogleLinks -->
    </test> <!-- Test -->
  </suite> <!-- Suite -->
</testng-results>
